[run_modee] leg_model = serial
======================================================================
HOPPER-AERO MODEE CONTROLLER (LCM)
- Always sends commands; underlying hopper_driver handles mode switching
- Right stick: desired vx/vy (same mapping as Hopper4.py)
- Press Y: start CSV log (saved under ~/hopper_logs/modee_csv/ by default). Log stops when program exits.
  (Override directory: export MODEE_LOG_DIR=/your/path)
======================================================================
[run_modee] LCM URL: udpm://239.255.76.67:7667?ttl=255
[run_modee] Safety limits:
  - tau_max: (20.0, 20.0, 20.0) Nm
  - tau_sign: (1.0, 1.0, 1.0)
  - tau_out_scale: 1.0
  - tau_out_max: 3000.0
  - pwm_range: [1000.0, 1300.0] us
  - thrust_ratio: 0.1
  - thrust_max_each: 10.0 N/arm
  - thrust_min_each: 0.0 N/arm
  - wbc_w_t_ref: 0.01
  - wbc_w_tsum_ref: 0.0
  - swing_kp_xy: 20.0, swing_kd_xy: 0.8 (XY)
  - swing_kp_z: 220.0, swing_kd_z: 10 (Z)
  - use_foot_vel_lpf: True
  - foot_vel_lpf_tau: 0.015 s (~10.6 Hz cutoff)
======================================================================
[modee] waiting... have_motor=False have_imu=False have_gamepad=False
[modee] FLIGHT | pos=[+0.000,+0.000,-0.565]m | f_tot=[-0.00,+0.00,+3.68]N(w) | f_grf=[-0.00,+0.00,+0.00]N(w) | f_leg=[+0.00,-0.00,-0.00]N(w) | f_prop=[+0.00,-0.00,+3.68]N(w) | tau=[+0.00,+0.00,+0.00]Nm | pwm=[1000,1093,1093,1093,1000,1000]us
[modee] STANCE:COMP | pos=[-0.258,+0.231,-0.419]m | f_tot=[-27.83,+20.53,+19.96]N(w) | f_grf=[-18.19,+18.18,+22.73]N(w) | f_leg=[+18.19,-18.18,-22.73]N(w) | f_prop=[-9.64,+2.35,-2.76]N(w) | tau=[-9.09,+10.65,-18.02]Nm | pwm=[1000,1000,1045,1300,1000,1000]us
[modee] FLIGHT | pos=[-0.442,+0.238,-0.193]m | f_tot=[+0.06,-0.10,-3.94]N(w) | f_grf=[-0.00,+0.00,-0.00]N(w) | f_leg=[+0.00,-0.00,+0.00]N(w) | f_prop=[+0.06,-0.10,-3.94]N(w) | tau=[+2.15,+2.82,-6.73]Nm | pwm=[1000,1258,1000,1012,1000,1000]us
[modee] FLIGHT | pos=[-0.442,+0.238,-0.194]m | f_tot=[+0.00,-0.00,-3.68]N(w) | f_grf=[+0.00,+0.00,-0.00]N(w) | f_leg=[-0.00,-0.00,+0.00]N(w) | f_prop=[+0.00,-0.00,-3.68]N(w) | tau=[+2.50,+2.50,-6.83]Nm | pwm=[1000,1093,1093,1092,1000,1000]us
[modee] FLIGHT | pos=[-0.442,+0.238,-0.194]m | f_tot=[+0.00,-0.00,-3.68]N(w) | f_grf=[+0.00,+0.00,-0.00]N(w) | f_leg=[-0.00,-0.00,+0.00]N(w) | f_prop=[+0.00,-0.00,-3.68]N(w) | tau=[+2.50,+2.50,-6.83]Nm | pwm=[1000,1093,1093,1092,1000,1000]us
[modee] FLIGHT | pos=[-0.442,+0.238,-0.194]m | f_tot=[+0.00,-0.00,-3.68]N(w) | f_grf=[-0.00,+0.00,-0.00]N(w) | f_leg=[+0.00,-0.00,+0.00]N(w) | f_prop=[+0.00,-0.00,-3.68]N(w) | tau=[+2.50,+2.50,-6.83]Nm | pwm=[1000,1093,1093,1092,1000,1000]us
[modee] FLIGHT | pos=[-0.442,+0.238,-0.194]m | f_tot=[+0.00,-0.00,-3.68]N(w) | f_grf=[+0.00,-0.00,+0.00]N(w) | f_leg=[-0.00,+0.00,-0.00]N(w) | f_prop=[+0.00,-0.00,-3.68]N(w) | tau=[+2.50,+2.50,-6.83]Nm | pwm=[1000,1093,1093,1092,1000,1000]us
[modee] FLIGHT | pos=[-0.442,+0.238,-0.194]m | f_tot=[+0.00,-0.00,-3.68]N(w) | f_grf=[+0.00,-0.00,+0.00]N(w) | f_leg=[-0.00,+0.00,-0.00]N(w) | f_prop=[+0.00,-0.00,-3.68]N(w) | tau=[+2.50,+2.50,-6.83]Nm | pwm=[1000,1093,1093,1092,1000,1000]us
[modee] FLIGHT | pos=[-0.442,+0.238,-0.194]m | f_tot=[+0.00,-0.00,-3.68]N(w) | f_grf=[-0.00,-0.00,+0.00]N(w) | f_leg=[+0.00,+0.00,-0.00]N(w) | f_prop=[+0.00,-0.00,-3.68]N(w) | tau=[+2.50,+2.50,-6.83]Nm | pwm=[1000,1093,1093,1092,1000,1000]us
[modee] FLIGHT | pos=[-0.442,+0.238,-0.194]m | f_tot=[+0.00,-0.00,-3.68]N(w) | f_grf=[-0.00,+0.00,-0.00]N(w) | f_leg=[+0.00,-0.00,+0.00]N(w) | f_prop=[+0.00,-0.00,-3.68]N(w) | tau=[+2.50,+2.50,-6.83]Nm | pwm=[1000,1093,1093,1092,1000,1000]us
[modee] FLIGHT | pos=[-0.442,+0.238,-0.194]m | f_tot=[+0.00,-0.00,-3.68]N(w) | f_grf=[-0.00,+0.00,-0.00]N(w) | f_leg=[+0.00,-0.00,+0.00]N(w) | f_prop=[+0.00,-0.00,-3.68]N(w) | tau=[+2.50,+2.50,-6.83]Nm | pwm=[1000,1093,1093,1092,1000,1000]us
[modee] FLIGHT | pos=[-0.442,+0.238,-0.194]m | f_tot=[+0.00,-0.00,-3.68]N(w) | f_grf=[-0.00,+0.00,-0.00]N(w) | f_leg=[+0.00,-0.00,+0.00]N(w) | f_prop=[+0.00,-0.00,-3.68]N(w) | tau=[+2.50,+2.50,-6.83]Nm | pwm=[1000,1093,1093,1092,1000,1000]us
[modee] FLIGHT | pos=[-0.442,+0.238,-0.194]m | f_tot=[+0.00,-0.00,-3.68]N(w) | f_grf=[+0.00,-0.00,+0.00]N(w) | f_leg=[-0.00,+0.00,-0.00]N(w) | f_prop=[+0.00,-0.00,-3.68]N(w) | tau=[+2.50,+2.50,-6.83]Nm | pwm=[1000,1093,1093,1092,1000,1000]us
[modee] FLIGHT | pos=[-0.442,+0.238,-0.194]m | f_tot=[+0.00,-0.00,-3.68]N(w) | f_grf=[+0.00,-0.00,+0.00]N(w) | f_leg=[-0.00,+0.00,-0.00]N(w) | f_prop=[+0.00,-0.00,-3.68]N(w) | tau=[+2.50,+2.50,-6.83]Nm | pwm=[1000,1093,1093,1092,1000,1000]us
[modee] FLIGHT | pos=[-0.442,+0.238,-0.194]m | f_tot=[+0.00,-0.00,-3.68]N(w) | f_grf=[-0.00,+0.00,-0.00]N(w) | f_leg=[+0.00,-0.00,+0.00]N(w) | f_prop=[+0.00,-0.00,-3.68]N(w) | tau=[+2.50,+2.50,-6.83]Nm | pwm=[1000,1093,1093,1092,1000,1000]us
[modee] FLIGHT | pos=[-0.442,+0.238,-0.194]m | f_tot=[+0.00,-0.00,-3.68]N(w) | f_grf=[-0.00,+0.00,-0.00]N(w) | f_leg=[+0.00,-0.00,+0.00]N(w) | f_prop=[+0.00,-0.00,-3.68]N(w) | tau=[+2.50,+2.50,-6.83]Nm | pwm=[1000,1093,1093,1092,1000,1000]us
[modee] FLIGHT | pos=[-0.442,+0.238,-0.194]m | f_tot=[+0.00,-0.00,-3.68]N(w) | f_grf=[-0.00,+0.00,-0.00]N(w) | f_leg=[+0.00,-0.00,+0.00]N(w) | f_prop=[+0.00,-0.00,-3.68]N(w) | tau=[+2.50,+2.50,-6.83]Nm | pwm=[1000,1093,1093,1092,1000,1000]us
[modee] FLIGHT | pos=[-0.442,+0.238,-0.194]m | f_tot=[+0.00,-0.00,-3.68]N(w) | f_grf=[-0.00,+0.00,-0.00]N(w) | f_leg=[+0.00,-0.00,+0.00]N(w) | f_prop=[+0.00,-0.00,-3.68]N(w) | tau=[+2.50,+2.50,-6.83]Nm | pwm=[1000,1093,1093,1092,1000,1000]us
[modee] FLIGHT | pos=[-0.442,+0.238,-0.194]m | f_tot=[+0.00,-0.00,-3.68]N(w) | f_grf=[-0.00,+0.00,-0.00]N(w) | f_leg=[+0.00,-0.00,+0.00]N(w) | f_prop=[+0.00,-0.00,-3.68]N(w) | tau=[+2.50,+2.50,-6.83]Nm | pwm=[1000,1093,1093,1092,1000,1000]us
[modee] FLIGHT | pos=[-0.442,+0.238,-0.194]m | f_tot=[+0.00,-0.00,-3.68]N(w) | f_grf=[-0.00,+0.00,-0.00]N(w) | f_leg=[+0.00,-0.00,+0.00]N(w) | f_prop=[+0.00,-0.00,-3.68]N(w) | tau=[+2.50,+2.50,-6.83]Nm | pwm=[1000,1093,1093,1092,1000,1000]us
[modee] FLIGHT | pos=[-0.442,+0.238,-0.194]m | f_tot=[+0.00,-0.00,-3.68]N(w) | f_grf=[+0.00,-0.00,+0.00]N(w) | f_leg=[-0.00,+0.00,-0.00]N(w) | f_prop=[+0.00,-0.00,-3.68]N(w) | tau=[+2.50,+2.50,-6.83]Nm | pwm=[1000,1093,1093,1092,1000,1000]us
[modee] FLIGHT | pos=[-0.442,+0.238,-0.194]m | f_tot=[+0.00,-0.00,-3.68]N(w) | f_grf=[-0.00,+0.00,-0.00]N(w) | f_leg=[+0.00,-0.00,+0.00]N(w) | f_prop=[+0.00,-0.00,-3.68]N(w) | tau=[+2.50,+2.50,-6.83]Nm | pwm=[1000,1093,1093,1092,1000,1000]us
[modee] FLIGHT | pos=[-0.442,+0.238,-0.194]m | f_tot=[+0.00,-0.00,-3.68]N(w) | f_grf=[-0.00,+0.00,-0.00]N(w) | f_leg=[+0.00,-0.00,+0.00]N(w) | f_prop=[+0.00,-0.00,-3.68]N(w) | tau=[+2.50,+2.50,-6.83]Nm | pwm=[1000,1093,1093,1092,1000,1000]us
[modee] FLIGHT | pos=[-0.442,+0.238,-0.194]m | f_tot=[+0.00,-0.00,-3.68]N(w) | f_grf=[+0.00,-0.00,+0.00]N(w) | f_leg=[-0.00,+0.00,-0.00]N(w) | f_prop=[+0.00,-0.00,-3.68]N(w) | tau=[+2.50,+2.50,-6.83]Nm | pwm=[1000,1093,1093,1092,1000,1000]us
[modee] FLIGHT | pos=[-0.442,+0.238,-0.194]m | f_tot=[+0.00,-0.00,-3.68]N(w) | f_grf=[+0.00,-0.00,+0.00]N(w) | f_leg=[-0.00,+0.00,-0.00]N(w) | f_prop=[+0.00,-0.00,-3.68]N(w) | tau=[+2.50,+2.50,-6.83]Nm | pwm=[1000,1093,1093,1092,1000,1000]us
[modee] FLIGHT | pos=[-0.442,+0.238,-0.194]m | f_tot=[+0.00,-0.00,-3.68]N(w) | f_grf=[+0.00,-0.00,+0.00]N(w) | f_leg=[-0.00,+0.00,-0.00]N(w) | f_prop=[+0.00,-0.00,-3.68]N(w) | tau=[+2.50,+2.50,-6.83]Nm | pwm=[1000,1093,1093,1092,1000,1000]us
[modee] FLIGHT | pos=[-0.442,+0.238,-0.194]m | f_tot=[+0.00,-0.00,-3.68]N(w) | f_grf=[-0.00,+0.00,-0.00]N(w) | f_leg=[+0.00,-0.00,+0.00]N(w) | f_prop=[+0.00,-0.00,-3.68]N(w) | tau=[+2.50,+2.50,-6.83]Nm | pwm=[1000,1093,1093,1092,1000,1000]us
[modee] FLIGHT | pos=[-0.442,+0.238,-0.194]m | f_tot=[+0.00,-0.00,-3.68]N(w) | f_grf=[+0.00,-0.00,+0.00]N(w) | f_leg=[-0.00,+0.00,-0.00]N(w) | f_prop=[+0.00,-0.00,-3.68]N(w) | tau=[+2.50,+2.50,-6.83]Nm | pwm=[1000,1093,1093,1092,1000,1000]us
[modee] FLIGHT | pos=[-0.442,+0.238,-0.194]m | f_tot=[+0.00,-0.00,-3.68]N(w) | f_grf=[-0.00,+0.00,-0.00]N(w) | f_leg=[+0.00,-0.00,+0.00]N(w) | f_prop=[+0.00,-0.00,-3.68]N(w) | tau=[+2.50,+2.50,-6.83]Nm | pwm=[1000,1093,1093,1092,1000,1000]us