This is pdfTeX, Version 3.141592653-2.6-1.40.22 (TeX Live 2022/dev/Debian) (preloaded format=pdflatex 2025.11.17)  19 NOV 2025 14:45
entering extended mode
 restricted \write18 enabled.
 %&-line parsing enabled.
**hopper_control_report.tex
(./hopper_control_report.tex
LaTeX2e <2021-11-15> patch level 1
L3 programming layer <2022-01-21>
(/usr/share/texlive/texmf-dist/tex/latex/base/article.cls
Document Class: article 2021/10/04 v1.4n Standard LaTeX document class
(/usr/share/texlive/texmf-dist/tex/latex/base/size11.clo
File: size11.clo 2021/10/04 v1.4n Standard LaTeX file (size option)
)
\c@part=\count185
\c@section=\count186
\c@subsection=\count187
\c@subsubsection=\count188
\c@paragraph=\count189
\c@subparagraph=\count190
\c@figure=\count191
\c@table=\count192
\abovecaptionskip=\skip47
\belowcaptionskip=\skip48
\bibindent=\dimen138
)
(/usr/share/texlive/texmf-dist/tex/latex/geometry/geometry.sty
Package: geometry 2020/01/02 v5.9 Page Geometry

(/usr/share/texlive/texmf-dist/tex/latex/graphics/keyval.sty
Package: keyval 2014/10/28 v1.15 key=value parser (DPC)
\KV@toks@=\toks16
)
(/usr/share/texlive/texmf-dist/tex/generic/iftex/ifvtex.sty
Package: ifvtex 2019/10/25 v1.7 ifvtex legacy package. Use iftex instead.

(/usr/share/texlive/texmf-dist/tex/generic/iftex/iftex.sty
Package: iftex 2020/03/06 v1.0d TeX engine tests
))
\Gm@cnth=\count193
\Gm@cntv=\count194
\c@Gm@tempcnt=\count195
\Gm@bindingoffset=\dimen139
\Gm@wd@mp=\dimen140
\Gm@odd@mp=\dimen141
\Gm@even@mp=\dimen142
\Gm@layoutwidth=\dimen143
\Gm@layoutheight=\dimen144
\Gm@layouthoffset=\dimen145
\Gm@layoutvoffset=\dimen146
\Gm@dimlist=\toks17
)
(/usr/share/texlive/texmf-dist/tex/latex/amsmath/amsmath.sty
Package: amsmath 2021/10/15 v2.17l AMS math features
\@mathmargin=\skip49

For additional information on amsmath, use the `?' option.
(/usr/share/texlive/texmf-dist/tex/latex/amsmath/amstext.sty
Package: amstext 2021/08/26 v2.01 AMS text

(/usr/share/texlive/texmf-dist/tex/latex/amsmath/amsgen.sty
File: amsgen.sty 1999/11/30 v2.0 generic functions
\@emptytoks=\toks18
\ex@=\dimen147
))
(/usr/share/texlive/texmf-dist/tex/latex/amsmath/amsbsy.sty
Package: amsbsy 1999/11/29 v1.2d Bold Symbols
\pmbraise@=\dimen148
)
(/usr/share/texlive/texmf-dist/tex/latex/amsmath/amsopn.sty
Package: amsopn 2021/08/26 v2.02 operator names
)
\inf@bad=\count196
LaTeX Info: Redefining \frac on input line 234.
\uproot@=\count197
\leftroot@=\count198
LaTeX Info: Redefining \overline on input line 399.
\classnum@=\count199
\DOTSCASE@=\count266
LaTeX Info: Redefining \ldots on input line 496.
LaTeX Info: Redefining \dots on input line 499.
LaTeX Info: Redefining \cdots on input line 620.
\Mathstrutbox@=\box50
\strutbox@=\box51
\big@size=\dimen149
LaTeX Font Info:    Redeclaring font encoding OML on input line 743.
LaTeX Font Info:    Redeclaring font encoding OMS on input line 744.
\macc@depth=\count267
\c@MaxMatrixCols=\count268
\dotsspace@=\muskip16
\c@parentequation=\count269
\dspbrk@lvl=\count270
\tag@help=\toks19
\row@=\count271
\column@=\count272
\maxfields@=\count273
\andhelp@=\toks20
\eqnshift@=\dimen150
\alignsep@=\dimen151
\tagshift@=\dimen152
\tagwidth@=\dimen153
\totwidth@=\dimen154
\lineht@=\dimen155
\@envbody=\toks21
\multlinegap=\skip50
\multlinetaggap=\skip51
\mathdisplay@stack=\toks22
LaTeX Info: Redefining \[ on input line 2938.
LaTeX Info: Redefining \] on input line 2939.
)
(/usr/share/texlive/texmf-dist/tex/latex/amsfonts/amssymb.sty
Package: amssymb 2013/01/14 v3.01 AMS font symbols

(/usr/share/texlive/texmf-dist/tex/latex/amsfonts/amsfonts.sty
Package: amsfonts 2013/01/14 v3.01 Basic AMSFonts support
\symAMSa=\mathgroup4
\symAMSb=\mathgroup5
LaTeX Font Info:    Redeclaring math symbol \hbar on input line 98.
LaTeX Font Info:    Overwriting math alphabet `\mathfrak' in version `bold'
(Font)                  U/euf/m/n --> U/euf/b/n on input line 106.
))
(/usr/share/texlive/texmf-dist/tex/latex/graphics/graphicx.sty
Package: graphicx 2021/09/16 v1.2d Enhanced LaTeX Graphics (DPC,SPQR)

(/usr/share/texlive/texmf-dist/tex/latex/graphics/graphics.sty
Package: graphics 2021/03/04 v1.4d Standard LaTeX Graphics (DPC,SPQR)

(/usr/share/texlive/texmf-dist/tex/latex/graphics/trig.sty
Package: trig 2021/08/11 v1.11 sin cos tan (DPC)
)
(/usr/share/texlive/texmf-dist/tex/latex/graphics-cfg/graphics.cfg
File: graphics.cfg 2016/06/04 v1.11 sample graphics configuration
)
Package graphics Info: Driver file: pdftex.def on input line 107.

(/usr/share/texlive/texmf-dist/tex/latex/graphics-def/pdftex.def
File: pdftex.def 2020/10/05 v1.2a Graphics/color driver for pdftex
))
\Gin@req@height=\dimen156
\Gin@req@width=\dimen157
)
(/usr/share/texmf/tex/latex/CJK/CJKutf8.sty
Package: CJKutf8 2015/04/18 4.8.4

(/usr/share/texlive/texmf-dist/tex/generic/iftex/ifpdf.sty
Package: ifpdf 2019/10/25 v3.4 ifpdf legacy package. Use iftex instead.
)
(/usr/share/texlive/texmf-dist/tex/latex/base/inputenc.sty
Package: inputenc 2021/02/14 v1.3d Input encoding file
\inpenc@prehook=\toks23
\inpenc@posthook=\toks24
)
(/usr/share/texmf/tex/latex/CJK/CJK.sty
Package: CJK 2015/04/18 4.8.4

(/usr/share/texmf/tex/latex/CJK/mule/MULEenc.sty
Package: MULEenc 2015/04/18 4.8.4
)
(/usr/share/texmf/tex/latex/CJK/CJK.enc
File: CJK.enc 2015/04/18 4.8.4
Now handling font encoding C00 ...
... no UTF-8 mapping file for font encoding C00
Now handling font encoding C05 ...
... no UTF-8 mapping file for font encoding C05
Now handling font encoding C09 ...
... no UTF-8 mapping file for font encoding C09
Now handling font encoding C10 ...
... no UTF-8 mapping file for font encoding C10
Now handling font encoding C20 ...
... no UTF-8 mapping file for font encoding C20
Now handling font encoding C19 ...
... no UTF-8 mapping file for font encoding C19
Now handling font encoding C40 ...
... no UTF-8 mapping file for font encoding C40
Now handling font encoding C42 ...
... no UTF-8 mapping file for font encoding C42
Now handling font encoding C43 ...
... no UTF-8 mapping file for font encoding C43
Now handling font encoding C50 ...
... no UTF-8 mapping file for font encoding C50
Now handling font encoding C52 ...
... no UTF-8 mapping file for font encoding C52
Now handling font encoding C49 ...
... no UTF-8 mapping file for font encoding C49
Now handling font encoding C60 ...
... no UTF-8 mapping file for font encoding C60
Now handling font encoding C61 ...
... no UTF-8 mapping file for font encoding C61
Now handling font encoding C63 ...
... no UTF-8 mapping file for font encoding C63
Now handling font encoding C64 ...
... no UTF-8 mapping file for font encoding C64
Now handling font encoding C65 ...
... no UTF-8 mapping file for font encoding C65
Now handling font encoding C70 ...
... no UTF-8 mapping file for font encoding C70
Now handling font encoding C31 ...
... no UTF-8 mapping file for font encoding C31
Now handling font encoding C32 ...
... no UTF-8 mapping file for font encoding C32
Now handling font encoding C33 ...
... no UTF-8 mapping file for font encoding C33
Now handling font encoding C34 ...
... no UTF-8 mapping file for font encoding C34
Now handling font encoding C35 ...
... no UTF-8 mapping file for font encoding C35
Now handling font encoding C36 ...
... no UTF-8 mapping file for font encoding C36
Now handling font encoding C37 ...
... no UTF-8 mapping file for font encoding C37
Now handling font encoding C80 ...
... no UTF-8 mapping file for font encoding C80
Now handling font encoding C81 ...
... no UTF-8 mapping file for font encoding C81
Now handling font encoding C01 ...
... no UTF-8 mapping file for font encoding C01
Now handling font encoding C11 ...
... no UTF-8 mapping file for font encoding C11
Now handling font encoding C21 ...
... no UTF-8 mapping file for font encoding C21
Now handling font encoding C41 ...
... no UTF-8 mapping file for font encoding C41
Now handling font encoding C62 ...
... no UTF-8 mapping file for font encoding C62
)
LaTeX Info: Redefining \selectfont on input line 755.
\CJK@indent=\box52
)
(/usr/share/texlive/texmf-dist/tex/latex/base/fontenc.sty
Package: fontenc 2021/04/29 v2.0v Standard LaTeX package
))
(/usr/share/texlive/texmf-dist/tex/latex/l3backend/l3backend-pdftex.def
File: l3backend-pdftex.def 2022-01-12 L3 backend support: PDF output (pdfTeX)
\l__color_backend_stack_int=\count274
\l__pdf_internal_box=\box53
)
(./hopper_control_report.aux)
\openout1 = `hopper_control_report.aux'.

LaTeX Font Info:    Checking defaults for OML/cmm/m/it on input line 11.
LaTeX Font Info:    ... okay on input line 11.
LaTeX Font Info:    Checking defaults for OMS/cmsy/m/n on input line 11.
LaTeX Font Info:    ... okay on input line 11.
LaTeX Font Info:    Checking defaults for OT1/cmr/m/n on input line 11.
LaTeX Font Info:    ... okay on input line 11.
LaTeX Font Info:    Checking defaults for T1/cmr/m/n on input line 11.
LaTeX Font Info:    ... okay on input line 11.
LaTeX Font Info:    Checking defaults for TS1/cmr/m/n on input line 11.
LaTeX Font Info:    ... okay on input line 11.
LaTeX Font Info:    Checking defaults for OMX/cmex/m/n on input line 11.
LaTeX Font Info:    ... okay on input line 11.
LaTeX Font Info:    Checking defaults for U/cmr/m/n on input line 11.
LaTeX Font Info:    ... okay on input line 11.
LaTeX Font Info:    Checking defaults for C00/song/m/n on input line 11.
LaTeX Font Info:    ... okay on input line 11.
LaTeX Font Info:    Checking defaults for C05/song/m/n on input line 11.
LaTeX Font Info:    ... okay on input line 11.
LaTeX Font Info:    Checking defaults for C09/song/m/n on input line 11.
LaTeX Font Info:    ... okay on input line 11.
LaTeX Font Info:    Checking defaults for C10/song/m/n on input line 11.
LaTeX Font Info:    ... okay on input line 11.
LaTeX Font Info:    Checking defaults for C20/song/m/n on input line 11.
LaTeX Font Info:    ... okay on input line 11.
LaTeX Font Info:    Checking defaults for C19/song/m/n on input line 11.
LaTeX Font Info:    ... okay on input line 11.
LaTeX Font Info:    Checking defaults for C40/song/m/n on input line 11.
LaTeX Font Info:    ... okay on input line 11.
LaTeX Font Info:    Checking defaults for C42/song/m/n on input line 11.
LaTeX Font Info:    ... okay on input line 11.
LaTeX Font Info:    Checking defaults for C43/song/m/n on input line 11.
LaTeX Font Info:    ... okay on input line 11.
LaTeX Font Info:    Checking defaults for C50/song/m/n on input line 11.
LaTeX Font Info:    ... okay on input line 11.
LaTeX Font Info:    Checking defaults for C52/song/m/n on input line 11.
LaTeX Font Info:    ... okay on input line 11.
LaTeX Font Info:    Checking defaults for C49/song/m/n on input line 11.
LaTeX Font Info:    ... okay on input line 11.
LaTeX Font Info:    Checking defaults for C60/mj/m/n on input line 11.
LaTeX Font Info:    ... okay on input line 11.
LaTeX Font Info:    Checking defaults for C61/mj/m/n on input line 11.
LaTeX Font Info:    ... okay on input line 11.
LaTeX Font Info:    Checking defaults for C63/mj/m/n on input line 11.
LaTeX Font Info:    ... okay on input line 11.
LaTeX Font Info:    Checking defaults for C64/mj/m/n on input line 11.
LaTeX Font Info:    ... okay on input line 11.
LaTeX Font Info:    Checking defaults for C65/mj/m/n on input line 11.
LaTeX Font Info:    ... okay on input line 11.
LaTeX Font Info:    Checking defaults for C70/song/m/n on input line 11.
LaTeX Font Info:    ... okay on input line 11.
LaTeX Font Info:    Checking defaults for C31/song/m/n on input line 11.
LaTeX Font Info:    ... okay on input line 11.
LaTeX Font Info:    Checking defaults for C32/song/m/n on input line 11.
LaTeX Font Info:    ... okay on input line 11.
LaTeX Font Info:    Checking defaults for C33/song/m/n on input line 11.
LaTeX Font Info:    ... okay on input line 11.
LaTeX Font Info:    Checking defaults for C34/song/m/n on input line 11.
LaTeX Font Info:    ... okay on input line 11.
LaTeX Font Info:    Checking defaults for C35/song/m/n on input line 11.
LaTeX Font Info:    ... okay on input line 11.
LaTeX Font Info:    Checking defaults for C36/song/m/n on input line 11.
LaTeX Font Info:    ... okay on input line 11.
LaTeX Font Info:    Checking defaults for C37/song/m/n on input line 11.
LaTeX Font Info:    ... okay on input line 11.
LaTeX Font Info:    Checking defaults for C80/song/m/n on input line 11.
LaTeX Font Info:    ... okay on input line 11.
LaTeX Font Info:    Checking defaults for C81/song/m/n on input line 11.
LaTeX Font Info:    ... okay on input line 11.
LaTeX Font Info:    Checking defaults for C01/song/m/n on input line 11.
LaTeX Font Info:    ... okay on input line 11.
LaTeX Font Info:    Checking defaults for C11/song/m/n on input line 11.
LaTeX Font Info:    ... okay on input line 11.
LaTeX Font Info:    Checking defaults for C21/song/m/n on input line 11.
LaTeX Font Info:    ... okay on input line 11.
LaTeX Font Info:    Checking defaults for C41/song/m/n on input line 11.
LaTeX Font Info:    ... okay on input line 11.
LaTeX Font Info:    Checking defaults for C62/song/m/n on input line 11.
LaTeX Font Info:    ... okay on input line 11.

*geometry* driver: auto-detecting
*geometry* detected driver: pdftex
*geometry* verbose mode - [ preamble ] result:
* driver: pdftex
* paper: a4paper
* layout: <same size as paper>
* layoutoffset:(h,v)=(0.0pt,0.0pt)
* modes: 
* h-part:(L,W,R)=(71.13188pt, 455.24411pt, 71.13188pt)
* v-part:(T,H,B)=(71.13188pt, 702.78308pt, 71.13188pt)
* \paperwidth=597.50787pt
* \paperheight=845.04684pt
* \textwidth=455.24411pt
* \textheight=702.78308pt
* \oddsidemargin=-1.1381pt
* \evensidemargin=-1.1381pt
* \topmargin=-38.1381pt
* \headheight=12.0pt
* \headsep=25.0pt
* \topskip=11.0pt
* \footskip=30.0pt
* \marginparwidth=50.0pt
* \marginparsep=10.0pt
* \columnsep=10.0pt
* \skip\footins=10.0pt plus 4.0pt minus 2.0pt
* \hoffset=0.0pt
* \voffset=0.0pt
* \mag=1000
* \@twocolumnfalse
* \@twosidefalse
* \@mparswitchfalse
* \@reversemarginfalse
* (1in=72.27pt=25.4mm, 1cm=28.453pt)

(/usr/share/texlive/texmf-dist/tex/context/base/mkii/supp-pdf.mkii
[Loading MPS to PDF converter (version 2006.09.02).]
\scratchcounter=\count275
\scratchdimen=\dimen158
\scratchbox=\box54
\nofMPsegments=\count276
\nofMParguments=\count277
\everyMPshowfont=\toks25
\MPscratchCnt=\count278
\MPscratchDim=\dimen159
\MPnumerator=\count279
\makeMPintoPDFobject=\count280
\everyMPtoPDFconversion=\toks26
) (/usr/share/texlive/texmf-dist/tex/latex/epstopdf-pkg/epstopdf-base.sty
Package: epstopdf-base 2020-01-24 v2.11 Base part for package epstopdf
Package epstopdf-base Info: Redefining graphics rule for `.eps' on input line 4
85.

(/usr/share/texlive/texmf-dist/tex/latex/latexconfig/epstopdf-sys.cfg
File: epstopdf-sys.cfg 2010/07/13 v1.3 Configuration of (r)epstopdf for TeX Liv
e
))
(/usr/share/texmf/tex/latex/CJK/UTF8/UTF8.bdg
File: UTF8.bdg 2015/04/18 4.8.4
)
(/usr/share/texmf/tex/latex/CJK/UTF8/UTF8.enc
File: UTF8.enc 2015/04/18 4.8.4
)
(/usr/share/texmf/tex/latex/CJK/UTF8/UTF8.chr
File: UTF8.chr 2015/04/18 4.8.4
)
LaTeX Font Info:    Trying to load font information for U+msa on input line 14.


(/usr/share/texlive/texmf-dist/tex/latex/amsfonts/umsa.fd
File: umsa.fd 2013/01/14 v3.01 AMS symbols A
)
LaTeX Font Info:    Trying to load font information for U+msb on input line 14.


(/usr/share/texlive/texmf-dist/tex/latex/amsfonts/umsb.fd
File: umsb.fd 2013/01/14 v3.01 AMS symbols B
)
Overfull \hbox (412.00243pt too wide) detected at line 26
\OML/cmm/m/it/10.95 v \OT1/cmr/m/n/10.95 : []\OML/cmm/m/it/10.95 ;  v[] \OT1/cm
r/m/n/10.95 : []\OML/cmm/m/it/10.95 ;  p[] \OT1/cmr/m/n/10.95 : []\OML/cmm/m/it
/10.95 ;  x; [] \OT1/cmr/m/n/10.95 : []\OML/cmm/m/it/10.95 ;  ! \OT1/cmr/m/n/10
.95 : []\OML/cmm/m/it/10.95 ;  l; [] \OT1/cmr/m/n/10.95 : []\OML/cmm/m/it/10.95
 ;  ^^R; ![] \OT1/cmr/m/n/10.95 : []\OML/cmm/m/it/10.95 :
 []

[1

{/var/lib/texmf/fonts/map/pdftex/updmap/pdftex.map}]
LaTeX Font Info:    Trying to load font information for C70+gbsn on input line 
71.

(/usr/share/texmf/tex/latex/CJK/UTF8/c70gbsn.fd
File: c70gbsn.fd 2008/10/03 4.8.1
)
(/usr/share/texmf/tex/latex/CJK/UTF8/c70gbsn.fdx
File: c70gbsn.fdx 2012/05/07 4.8.3
) [2] [3]
Overfull \hbox (25.11511pt too wide) in paragraph at lines 160--161
[]\C70/gbsn/m/n/10.95/8e ¯ \C70/gbsn/m/n/10.95/5e r \C70/gbsn/m/n/10.95/52 › \C
70/gbsn/m/n/10.95/77 é \C70/gbsn/m/n/10.95/ff ^^Z \C70/gbsn/m/n/10.95/5c ^^F$\O
T1/cmr/m/n/10.95 [\OML/cmm/m/it/10.95 L[]; M[]\OT1/cmr/m/n/10.95 ][]$ \C70/gbsn
/m/n/10.95/58 k \C70/gbsn/m/n/10.95/51 e \C70/gbsn/m/n/10.95/4e 
 \C70/gbsn/m/n/10.95/65 ‡ \C70/gbsn/m/n/10.95/76 „\OT1/cmr/m/n/10.95 Mini Chee-
tah \C70/gbsn/m/n/10.95/59 ÿ \C70/gbsn/m/n/10.95/60 ^^A \C70/gbsn/m/n/10.95/6c 
B \C70/gbsn/m/n/10.95/89 ã \C70/gbsn/m/n/10.95/4e ^^N \C70/gbsn/m/n/10.95/52 ^^
F \C70/gbsn/m/n/10.95/91 M \C70/gbsn/m/n/10.95/51 l \C70/gbsn/m/n/10.95/5f ^^O 
\C70/gbsn/m/n/10.95/ff ^^L \C70/gbsn/m/n/10.95/4e ^^N\OT1/cmr/m/n/10.95 hip tor
que/propeller
 []


Overfull \hbox (95.23553pt too wide) in paragraph at lines 166--167
[]\C70/gbsn/m/n/10.95/8b ° \C70/gbsn/m/n/10.95/5f U \C70/gbsn/m/n/10.95/8d Ã \C
70/gbsn/m/n/10.95/95 ô \C70/gbsn/m/n/10.95/72 ¶ \C70/gbsn/m/n/10.95/60 ^^A \C70
/gbsn/m/n/10.95/ff ^^H \C70/gbsn/m/n/10.95/53 Â \C70/gbsn/m/n/10.95/71 g\OT1/cm
tt/m/n/10.95 docs/mit \C70/gbsn/m/n/10.95/7b ,\OT1/cmr/m/n/10.95 3.1 \C70/gbsn/
m/n/10.95/82 ‚ \C70/gbsn/m/n/10.95/ff 	 ^^Z \C70/gbsn/m/n/10.95/57 (\OT1/cmtt/m
/n/10.95 hopper[]controller/Hopper4.py \C70/gbsn/m/n/10.95/76 „\OT1/cmtt/m/n/10
.95 VirtualSpringController
 []


Overfull \hbox (39.05612pt too wide) in paragraph at lines 169--175
\C70/gbsn/m/n/10.95/4e å \C70/gbsn/m/n/10.95/53 Ê \C70/gbsn/m/n/10.95/63 § \C70
/gbsn/m/n/10.95/52 6 \C70/gbsn/m/n/10.95/91 Ï$\OML/cmm/m/it/10.95 u[] \OT1/cmr/
m/n/10.95 = \OMS/cmsy/m/n/10.95 f\OML/cmm/m/it/10.95 ^^Np[];  L[];  M[]\OMS/cms
y/m/n/10.95 g$ \C70/gbsn/m/n/10.95/90 ^^Z \C70/gbsn/m/n/10.95/8f Ç\OT1/cmr/m/n/
10.95 LCM log-ger \C70/gbsn/m/n/10.95/62 ^^V \C70/gbsn/m/n/10.95/81 ê \C70/gbsn
/m/n/10.95/5b š \C70/gbsn/m/n/10.95/4e I\OT1/cmr/m/n/10.95 CSV\C70/gbsn/m/n/10.
95/ff ^^H \C70/gbsn/m/n/10.95/53 ï \C70/gbsn/m/n/10.95/59 ^^M \C70/gbsn/m/n/10.
95/75 (\OT1/cmtt/m/n/10.95 hopper[]csv[]logger.py\C70/gbsn/m/n/10.95/ff 	
 []


Overfull \hbox (62.60184pt too wide) in paragraph at lines 178--180
\C70/gbsn/m/n/10.95/76 „ \C70/gbsn/m/n/10.95/67 ^^@ \C70/gbsn/m/n/10.95/5c ^^O 
\C70/gbsn/m/n/10.95/4e Œ X \C70/gbsn/m/n/10.95/65 ¹ \C70/gbsn/m/n/10.95/5f ^^O 
\C70/gbsn/m/n/10.95/ff ^^H\OT1/cmtt/m/n/10.95 numpy.linalg.lstsq\C70/gbsn/m/n/1
0.95/ff 	 \C70/gbsn/m/n/10.95/6c B \C70/gbsn/m/n/10.95/5f —$\OML/cmm/m/it/10.95
 A; B$\C70/gbsn/m/n/10.95/ff ^^L \C70/gbsn/m/n/10.95/62 ^^V \C70/gbsn/m/n/10.95
/5b ù \C70/gbsn/m/n/10.95/67 ^^@ \C70/gbsn/m/n/10.95/65 ° \C70/gbsn/m/n/10.95/5
d å \C70/gbsn/m/n/10.95/4f \ \C70/gbsn/m/n/10.95/70 ¹ \C70/gbsn/m/n/10.95/62 g 
\C70/gbsn/m/n/10.95/88 L \C70/gbsn/m/n/10.95/7e ¿ \C70/gbsn/m/n/10.95/60 ' \C70
/gbsn/m/n/10.95/53 ^^V\OT1/cmr/m/n/10.95 / iLQR\C70/gbsn/m/n/10.95/ff ^^H \C70/
gbsn/m/n/10.95/54 ^^L\OT1/cmtt/m/n/10.95 docs/mit
 []

[4]
Overfull \hbox (34.15805pt too wide) in paragraph at lines 214--216
\C70/gbsn/m/n/10.95/5e v \C70/gbsn/m/n/10.95/57 ( \C70/gbsn/m/n/10.95/79 » \C70
/gbsn/m/n/10.95/65 c \C70/gbsn/m/n/10.95/53 ^^V \C70/gbsn/m/n/10.95/54 ^^N \C70
/gbsn/m/n/10.95/5f — \C70/gbsn/m/n/10.95/52 0$[] \OT1/cmr/m/n/10.95 = \OML/cmm/
m/it/10.95 A[]\OT1/cmr/m/n/10.95 (\OML/cmm/m/it/10.95  \OT1/cmr/m/n/10.95 )\OML
/cmm/m/it/10.95 x \OT1/cmr/m/n/10.95 + \OML/cmm/m/it/10.95 B[]\OT1/cmr/m/n/10.9
5 (\OML/cmm/m/it/10.95 r[];  \OT1/cmr/m/n/10.95 )\OML/cmm/m/it/10.95 u$\C70/gbs
n/m/n/10.95/ff ^^H \C70/gbsn/m/n/10.95/54 ^^L \C70/gbsn/m/n/10.95/53 Ÿ \C70/gbs
n/m/n/10.95/65 ‡\OT1/cmr/m/n/10.95 (4.28)\C70/gbsn/m/n/10.95/ff ^\OT1/cmr/m/n/1
0.95 (4.31)\C70/gbsn/m/n/10.95/ff 	 \C70/gbsn/m/n/10.95/30 ^^B\OT1/cmr/m/n/10.9
5 S2S/MPC \C70/gbsn/m/n/10.95/7e Ù \C70/gbsn/m/n/10.95/51 ú \C70/gbsn/m/n/10.95
/76 „$\OML/cmm/m/it/10.95 ^^Np[]$\C70/gbsn/m/n/10.95/30 ^^A$\OT1/cmr/m/n/10.95 
[\OML/cmm/m/it/10.95 L[]; M[]\OT1/cmr/m/n/10.95 ][]$
 []

[5]
Overfull \hbox (9.34143pt too wide) in paragraph at lines 295--296
[]\OT1/cmr/m/n/10.95 PogoX\C70/gbsn/m/n/10.95/ff ^^Z \C70/gbsn/m/n/10.95/5b Œ \
C70/gbsn/m/n/10.95/51 h \C70/gbsn/m/n/10.95/57 ú \C70/gbsn/m/n/10.95/4e Ž\OT1/c
mr/m/n/10.95 SLIP \C70/gbsn/m/n/10.95/6a ! \C70/gbsn/m/n/10.95/67 ^^? \C70/gbsn
/m/n/10.95/57 (\OT1/cmr/m/n/10.95 MATLAB \C70/gbsn/m/n/10.95/4e ÿ \C70/gbsn/m/n
/10.95/77 ^^_ \C70/gbsn/m/n/10.95/4e - \C70/gbsn/m/n/10.95/65 p \C70/gbsn/m/n/1
0.95/50 < \C70/gbsn/m/n/10.95/79 ï \C70/gbsn/m/n/10.95/52 ^^F \C70/gbsn/m/n/10.
95/ff ^^L \C70/gbsn/m/n/10.95/51  \C70/gbsn/m/n/10.95/7e ¿ \C70/gbsn/m/n/10.95
/60 ' \C70/gbsn/m/n/10.95/53 ^^V \C70/gbsn/m/n/10.95/5f — \C70/gbsn/m/n/10.95/5
2 0$\OML/cmm/m/it/10.95 A \OT1/cmr/m/n/10.95 = \OML/cmm/m/it/10.95 @\OMS/cmsy/m
/n/10.95 P\OML/cmm/m/it/10.95 =@[]$\C70/gbsn/m/n/10.95/30 ^^A$\OML/cmm/m/it/10.
95 B \OT1/cmr/m/n/10.95 =
 []

[6] [7] (./hopper_control_report.aux) ) 
Here is how much of TeX's memory you used:
 5837 strings out of 479727
 80731 string characters out of 5884997
 383531 words of memory out of 5000000
 23628 multiletter control sequences out of 15000+600000
 521307 words of font info for 215 fonts, out of 8000000 for 9000
 264 hyphenation exceptions out of 8191
 56i,17n,62p,738b,1163s stack positions out of 5000i,500n,10000p,200000b,80000s
 </home/abc/.texlive2021/texmf-var/fonts
/pk/ljfour/jknappen/ec/tcrm1095.600pk></usr/share/texlive/texmf-dist/fonts/type
1/public/amsfonts/cm/cmbx10.pfb></usr/share/texlive/texmf-dist/fonts/type1/publ
ic/amsfonts/cm/cmex10.pfb></usr/share/texlive/texmf-dist/fonts/type1/public/ams
fonts/cm/cmmi10.pfb></usr/share/texlive/texmf-dist/fonts/type1/public/amsfonts/
cm/cmmi6.pfb></usr/share/texlive/texmf-dist/fonts/type1/public/amsfonts/cm/cmmi
8.pfb></usr/share/texlive/texmf-dist/fonts/type1/public/amsfonts/cm/cmr10.pfb><
/usr/share/texlive/texmf-dist/fonts/type1/public/amsfonts/cm/cmr12.pfb></usr/sh
are/texlive/texmf-dist/fonts/type1/public/amsfonts/cm/cmr17.pfb></usr/share/tex
live/texmf-dist/fonts/type1/public/amsfonts/cm/cmr6.pfb></usr/share/texlive/tex
mf-dist/fonts/type1/public/amsfonts/cm/cmr8.pfb></usr/share/texlive/texmf-dist/
fonts/type1/public/amsfonts/cm/cmss8.pfb></usr/share/texlive/texmf-dist/fonts/t
ype1/public/amsfonts/cm/cmsy10.pfb></usr/share/texlive/texmf-dist/fonts/type1/p
ublic/amsfonts/cm/cmsy8.pfb></usr/share/texlive/texmf-dist/fonts/type1/public/a
msfonts/cm/cmtt10.pfb></usr/share/texlive/texmf-dist/fonts/type1/public/amsfont
s/cm/cmtt12.pfb></usr/share/texmf/fonts/type1/arphic/gbsnu/gbsnu30.pfb></usr/sh
are/texmf/fonts/type1/arphic/gbsnu/gbsnu4e.pfb></usr/share/texmf/fonts/type1/ar
phic/gbsnu/gbsnu4f.pfb></usr/share/texmf/fonts/type1/arphic/gbsnu/gbsnu50.pfb><
/usr/share/texmf/fonts/type1/arphic/gbsnu/gbsnu51.pfb></usr/share/texmf/fonts/t
ype1/arphic/gbsnu/gbsnu52.pfb></usr/share/texmf/fonts/type1/arphic/gbsnu/gbsnu5
3.pfb></usr/share/texmf/fonts/type1/arphic/gbsnu/gbsnu54.pfb></usr/share/texmf/
fonts/type1/arphic/gbsnu/gbsnu56.pfb></usr/share/texmf/fonts/type1/arphic/gbsnu
/gbsnu57.pfb></usr/share/texmf/fonts/type1/arphic/gbsnu/gbsnu58.pfb></usr/share
/texmf/fonts/type1/arphic/gbsnu/gbsnu59.pfb></usr/share/texmf/fonts/type1/arphi
c/gbsnu/gbsnu5b.pfb></usr/share/texmf/fonts/type1/arphic/gbsnu/gbsnu5c.pfb></us
r/share/texmf/fonts/type1/arphic/gbsnu/gbsnu5d.pfb></usr/share/texmf/fonts/type
1/arphic/gbsnu/gbsnu5e.pfb></usr/share/texmf/fonts/type1/arphic/gbsnu/gbsnu5f.p
fb></usr/share/texmf/fonts/type1/arphic/gbsnu/gbsnu60.pfb></usr/share/texmf/fon
ts/type1/arphic/gbsnu/gbsnu62.pfb></usr/share/texmf/fonts/type1/arphic/gbsnu/gb
snu63.pfb></usr/share/texmf/fonts/type1/arphic/gbsnu/gbsnu64.pfb></usr/share/te
xmf/fonts/type1/arphic/gbsnu/gbsnu65.pfb></usr/share/texmf/fonts/type1/arphic/g
bsnu/gbsnu66.pfb></usr/share/texmf/fonts/type1/arphic/gbsnu/gbsnu67.pfb></usr/s
hare/texmf/fonts/type1/arphic/gbsnu/gbsnu68.pfb></usr/share/texmf/fonts/type1/a
rphic/gbsnu/gbsnu69.pfb></usr/share/texmf/fonts/type1/arphic/gbsnu/gbsnu6a.pfb>
</usr/share/texmf/fonts/type1/arphic/gbsnu/gbsnu6b.pfb></usr/share/texmf/fonts/
type1/arphic/gbsnu/gbsnu6c.pfb></usr/share/texmf/fonts/type1/arphic/gbsnu/gbsnu
6d.pfb></usr/share/texmf/fonts/type1/arphic/gbsnu/gbsnu6e.pfb></usr/share/texmf
/fonts/type1/arphic/gbsnu/gbsnu70.pfb></usr/share/texmf/fonts/type1/arphic/gbsn
u/gbsnu71.pfb></usr/share/texmf/fonts/type1/arphic/gbsnu/gbsnu72.pfb></usr/shar
e/texmf/fonts/type1/arphic/gbsnu/gbsnu73.pfb></usr/share/texmf/fonts/type1/arph
ic/gbsnu/gbsnu75.pfb></usr/share/texmf/fonts/type1/arphic/gbsnu/gbsnu76.pfb></u
sr/share/texmf/fonts/type1/arphic/gbsnu/gbsnu77.pfb></usr/share/texmf/fonts/typ
e1/arphic/gbsnu/gbsnu78.pfb></usr/share/texmf/fonts/type1/arphic/gbsnu/gbsnu79.
pfb></usr/share/texmf/fonts/type1/arphic/gbsnu/gbsnu7a.pfb></usr/share/texmf/fo
nts/type1/arphic/gbsnu/gbsnu7b.pfb></usr/share/texmf/fonts/type1/arphic/gbsnu/g
bsnu7c.pfb></usr/share/texmf/fonts/type1/arphic/gbsnu/gbsnu7e.pfb></usr/share/t
exmf/fonts/type1/arphic/gbsnu/gbsnu7f.pfb></usr/share/texmf/fonts/type1/arphic/
gbsnu/gbsnu80.pfb></usr/share/texmf/fonts/type1/arphic/gbsnu/gbsnu81.pfb></usr/
share/texmf/fonts/type1/arphic/gbsnu/gbsnu82.pfb></usr/share/texmf/fonts/type1/
arphic/gbsnu/gbsnu83.pfb></usr/share/texmf/fonts/type1/arphic/gbsnu/gbsnu84.pfb
></usr/share/texmf/fonts/type1/arphic/gbsnu/gbsnu86.pfb></usr/share/texmf/fonts
/type1/arphic/gbsnu/gbsnu87.pfb></usr/share/texmf/fonts/type1/arphic/gbsnu/gbsn
u88.pfb></usr/share/texmf/fonts/type1/arphic/gbsnu/gbsnu89.pfb></usr/share/texm
f/fonts/type1/arphic/gbsnu/gbsnu8b.pfb></usr/share/texmf/fonts/type1/arphic/gbs
nu/gbsnu8c.pfb></usr/share/texmf/fonts/type1/arphic/gbsnu/gbsnu8d.pfb></usr/sha
re/texmf/fonts/type1/arphic/gbsnu/gbsnu8e.pfb></usr/share/texmf/fonts/type1/arp
hic/gbsnu/gbsnu8f.pfb></usr/share/texmf/fonts/type1/arphic/gbsnu/gbsnu90.pfb></
usr/share/texmf/fonts/type1/arphic/gbsnu/gbsnu91.pfb></usr/share/texmf/fonts/ty
pe1/arphic/gbsnu/gbsnu95.pfb></usr/share/texmf/fonts/type1/arphic/gbsnu/gbsnu96
.pfb></usr/share/texmf/fonts/type1/arphic/gbsnu/gbsnu97.pfb></usr/share/texmf/f
onts/type1/arphic/gbsnu/gbsnu98.pfb></usr/share/texmf/fonts/type1/arphic/gbsnu/
gbsnu99.pfb></usr/share/texmf/fonts/type1/arphic/gbsnu/gbsnu9a.pfb></usr/share/
texmf/fonts/type1/arphic/gbsnu/gbsnuff.pfb>
Output written on hopper_control_report.pdf (7 pages, 1483306 bytes).
PDF statistics:
 519 PDF objects out of 1000 (max. 8388607)
 271 compressed objects within 3 object streams
 0 named destinations out of 1000 (max. 500000)
 273 words of extra memory for PDF output out of 10000 (max. 10000000)

