This is pdfTeX, Version 3.141592653-2.6-1.40.22 (TeX Live 2022/dev/Debian) (preloaded format=pdflatex 2025.11.17)  14 DEC 2025 10:19
entering extended mode
 restricted \write18 enabled.
 %&-line parsing enabled.
**/home/abc/Hopper/paper/mode3_beginner_from_system_modeling.tex
(/home/abc/Hopper/paper/mode3_beginner_from_system_modeling.tex
LaTeX2e <2021-11-15> patch level 1
L3 programming layer <2022-01-21>
(/usr/share/texlive/texmf-dist/tex/latex/base/article.cls
Document Class: article 2021/10/04 v1.4n Standard LaTeX document class
(/usr/share/texlive/texmf-dist/tex/latex/base/size11.clo
File: size11.clo 2021/10/04 v1.4n Standard LaTeX file (size option)
)
\c@part=\count185
\c@section=\count186
\c@subsection=\count187
\c@subsubsection=\count188
\c@paragraph=\count189
\c@subparagraph=\count190
\c@figure=\count191
\c@table=\count192
\abovecaptionskip=\skip47
\belowcaptionskip=\skip48
\bibindent=\dimen138
)
(/usr/share/texlive/texmf-dist/tex/latex/geometry/geometry.sty
Package: geometry 2020/01/02 v5.9 Page Geometry

(/usr/share/texlive/texmf-dist/tex/latex/graphics/keyval.sty
Package: keyval 2014/10/28 v1.15 key=value parser (DPC)
\KV@toks@=\toks16
)
(/usr/share/texlive/texmf-dist/tex/generic/iftex/ifvtex.sty
Package: ifvtex 2019/10/25 v1.7 ifvtex legacy package. Use iftex instead.

(/usr/share/texlive/texmf-dist/tex/generic/iftex/iftex.sty
Package: iftex 2020/03/06 v1.0d TeX engine tests
))
\Gm@cnth=\count193
\Gm@cntv=\count194
\c@Gm@tempcnt=\count195
\Gm@bindingoffset=\dimen139
\Gm@wd@mp=\dimen140
\Gm@odd@mp=\dimen141
\Gm@even@mp=\dimen142
\Gm@layoutwidth=\dimen143
\Gm@layoutheight=\dimen144
\Gm@layouthoffset=\dimen145
\Gm@layoutvoffset=\dimen146
\Gm@dimlist=\toks17
)
(/usr/share/texlive/texmf-dist/tex/latex/amsmath/amsmath.sty
Package: amsmath 2021/10/15 v2.17l AMS math features
\@mathmargin=\skip49

For additional information on amsmath, use the `?' option.
(/usr/share/texlive/texmf-dist/tex/latex/amsmath/amstext.sty
Package: amstext 2021/08/26 v2.01 AMS text

(/usr/share/texlive/texmf-dist/tex/latex/amsmath/amsgen.sty
File: amsgen.sty 1999/11/30 v2.0 generic functions
\@emptytoks=\toks18
\ex@=\dimen147
))
(/usr/share/texlive/texmf-dist/tex/latex/amsmath/amsbsy.sty
Package: amsbsy 1999/11/29 v1.2d Bold Symbols
\pmbraise@=\dimen148
)
(/usr/share/texlive/texmf-dist/tex/latex/amsmath/amsopn.sty
Package: amsopn 2021/08/26 v2.02 operator names
)
\inf@bad=\count196
LaTeX Info: Redefining \frac on input line 234.
\uproot@=\count197
\leftroot@=\count198
LaTeX Info: Redefining \overline on input line 399.
\classnum@=\count199
\DOTSCASE@=\count266
LaTeX Info: Redefining \ldots on input line 496.
LaTeX Info: Redefining \dots on input line 499.
LaTeX Info: Redefining \cdots on input line 620.
\Mathstrutbox@=\box50
\strutbox@=\box51
\big@size=\dimen149
LaTeX Font Info:    Redeclaring font encoding OML on input line 743.
LaTeX Font Info:    Redeclaring font encoding OMS on input line 744.
\macc@depth=\count267
\c@MaxMatrixCols=\count268
\dotsspace@=\muskip16
\c@parentequation=\count269
\dspbrk@lvl=\count270
\tag@help=\toks19
\row@=\count271
\column@=\count272
\maxfields@=\count273
\andhelp@=\toks20
\eqnshift@=\dimen150
\alignsep@=\dimen151
\tagshift@=\dimen152
\tagwidth@=\dimen153
\totwidth@=\dimen154
\lineht@=\dimen155
\@envbody=\toks21
\multlinegap=\skip50
\multlinetaggap=\skip51
\mathdisplay@stack=\toks22
LaTeX Info: Redefining \[ on input line 2938.
LaTeX Info: Redefining \] on input line 2939.
)
(/usr/share/texlive/texmf-dist/tex/latex/amsfonts/amssymb.sty
Package: amssymb 2013/01/14 v3.01 AMS font symbols

(/usr/share/texlive/texmf-dist/tex/latex/amsfonts/amsfonts.sty
Package: amsfonts 2013/01/14 v3.01 Basic AMSFonts support
\symAMSa=\mathgroup4
\symAMSb=\mathgroup5
LaTeX Font Info:    Redeclaring math symbol \hbar on input line 98.
LaTeX Font Info:    Overwriting math alphabet `\mathfrak' in version `bold'
(Font)                  U/euf/m/n --> U/euf/b/n on input line 106.
))
(/usr/share/texlive/texmf-dist/tex/latex/tools/bm.sty
Package: bm 2021/04/25 v1.2e Bold Symbol Support (DPC/FMi)
\symboldoperators=\mathgroup6
\symboldletters=\mathgroup7
\symboldsymbols=\mathgroup8
Package bm Info: No bold for \OMX/cmex/m/n, using \pmb.
Package bm Info: No bold for \U/msa/m/n, using \pmb.
Package bm Info: No bold for \U/msb/m/n, using \pmb.
LaTeX Font Info:    Redeclaring math alphabet \mathbf on input line 149.
)
(/usr/share/texlive/texmf-dist/tex/latex/graphics/graphicx.sty
Package: graphicx 2021/09/16 v1.2d Enhanced LaTeX Graphics (DPC,SPQR)

(/usr/share/texlive/texmf-dist/tex/latex/graphics/graphics.sty
Package: graphics 2021/03/04 v1.4d Standard LaTeX Graphics (DPC,SPQR)

(/usr/share/texlive/texmf-dist/tex/latex/graphics/trig.sty
Package: trig 2021/08/11 v1.11 sin cos tan (DPC)
)
(/usr/share/texlive/texmf-dist/tex/latex/graphics-cfg/graphics.cfg
File: graphics.cfg 2016/06/04 v1.11 sample graphics configuration
)
Package graphics Info: Driver file: pdftex.def on input line 107.

(/usr/share/texlive/texmf-dist/tex/latex/graphics-def/pdftex.def
File: pdftex.def 2020/10/05 v1.2a Graphics/color driver for pdftex
))
\Gin@req@height=\dimen156
\Gin@req@width=\dimen157
)
(/usr/share/texmf/tex/latex/CJK/CJKutf8.sty
Package: CJKutf8 2015/04/18 4.8.4

(/usr/share/texlive/texmf-dist/tex/generic/iftex/ifpdf.sty
Package: ifpdf 2019/10/25 v3.4 ifpdf legacy package. Use iftex instead.
)
(/usr/share/texlive/texmf-dist/tex/latex/base/inputenc.sty
Package: inputenc 2021/02/14 v1.3d Input encoding file
\inpenc@prehook=\toks23
\inpenc@posthook=\toks24
)
(/usr/share/texmf/tex/latex/CJK/CJK.sty
Package: CJK 2015/04/18 4.8.4

(/usr/share/texmf/tex/latex/CJK/mule/MULEenc.sty
Package: MULEenc 2015/04/18 4.8.4
)
(/usr/share/texmf/tex/latex/CJK/CJK.enc
File: CJK.enc 2015/04/18 4.8.4
Now handling font encoding C00 ...
... no UTF-8 mapping file for font encoding C00
Now handling font encoding C05 ...
... no UTF-8 mapping file for font encoding C05
Now handling font encoding C09 ...
... no UTF-8 mapping file for font encoding C09
Now handling font encoding C10 ...
... no UTF-8 mapping file for font encoding C10
Now handling font encoding C20 ...
... no UTF-8 mapping file for font encoding C20
Now handling font encoding C19 ...
... no UTF-8 mapping file for font encoding C19
Now handling font encoding C40 ...
... no UTF-8 mapping file for font encoding C40
Now handling font encoding C42 ...
... no UTF-8 mapping file for font encoding C42
Now handling font encoding C43 ...
... no UTF-8 mapping file for font encoding C43
Now handling font encoding C50 ...
... no UTF-8 mapping file for font encoding C50
Now handling font encoding C52 ...
... no UTF-8 mapping file for font encoding C52
Now handling font encoding C49 ...
... no UTF-8 mapping file for font encoding C49
Now handling font encoding C60 ...
... no UTF-8 mapping file for font encoding C60
Now handling font encoding C61 ...
... no UTF-8 mapping file for font encoding C61
Now handling font encoding C63 ...
... no UTF-8 mapping file for font encoding C63
Now handling font encoding C64 ...
... no UTF-8 mapping file for font encoding C64
Now handling font encoding C65 ...
... no UTF-8 mapping file for font encoding C65
Now handling font encoding C70 ...
... no UTF-8 mapping file for font encoding C70
Now handling font encoding C31 ...
... no UTF-8 mapping file for font encoding C31
Now handling font encoding C32 ...
... no UTF-8 mapping file for font encoding C32
Now handling font encoding C33 ...
... no UTF-8 mapping file for font encoding C33
Now handling font encoding C34 ...
... no UTF-8 mapping file for font encoding C34
Now handling font encoding C35 ...
... no UTF-8 mapping file for font encoding C35
Now handling font encoding C36 ...
... no UTF-8 mapping file for font encoding C36
Now handling font encoding C37 ...
... no UTF-8 mapping file for font encoding C37
Now handling font encoding C80 ...
... no UTF-8 mapping file for font encoding C80
Now handling font encoding C81 ...
... no UTF-8 mapping file for font encoding C81
Now handling font encoding C01 ...
... no UTF-8 mapping file for font encoding C01
Now handling font encoding C11 ...
... no UTF-8 mapping file for font encoding C11
Now handling font encoding C21 ...
... no UTF-8 mapping file for font encoding C21
Now handling font encoding C41 ...
... no UTF-8 mapping file for font encoding C41
Now handling font encoding C62 ...
... no UTF-8 mapping file for font encoding C62
)
LaTeX Info: Redefining \selectfont on input line 755.
\CJK@indent=\box52
)
(/usr/share/texlive/texmf-dist/tex/latex/base/fontenc.sty
Package: fontenc 2021/04/29 v2.0v Standard LaTeX package
))
(/usr/share/texlive/texmf-dist/tex/latex/l3backend/l3backend-pdftex.def
File: l3backend-pdftex.def 2022-01-12 L3 backend support: PDF output (pdfTeX)
\l__color_backend_stack_int=\count274
\l__pdf_internal_box=\box53
)
(/home/abc/Hopper/paper/mode3_beginner_from_system_modeling.aux)
\openout1 = `mode3_beginner_from_system_modeling.aux'.

LaTeX Font Info:    Checking defaults for OML/cmm/m/it on input line 12.
LaTeX Font Info:    ... okay on input line 12.
LaTeX Font Info:    Checking defaults for OMS/cmsy/m/n on input line 12.
LaTeX Font Info:    ... okay on input line 12.
LaTeX Font Info:    Checking defaults for OT1/cmr/m/n on input line 12.
LaTeX Font Info:    ... okay on input line 12.
LaTeX Font Info:    Checking defaults for T1/cmr/m/n on input line 12.
LaTeX Font Info:    ... okay on input line 12.
LaTeX Font Info:    Checking defaults for TS1/cmr/m/n on input line 12.
LaTeX Font Info:    ... okay on input line 12.
LaTeX Font Info:    Checking defaults for OMX/cmex/m/n on input line 12.
LaTeX Font Info:    ... okay on input line 12.
LaTeX Font Info:    Checking defaults for U/cmr/m/n on input line 12.
LaTeX Font Info:    ... okay on input line 12.
LaTeX Font Info:    Checking defaults for C00/song/m/n on input line 12.
LaTeX Font Info:    ... okay on input line 12.
LaTeX Font Info:    Checking defaults for C05/song/m/n on input line 12.
LaTeX Font Info:    ... okay on input line 12.
LaTeX Font Info:    Checking defaults for C09/song/m/n on input line 12.
LaTeX Font Info:    ... okay on input line 12.
LaTeX Font Info:    Checking defaults for C10/song/m/n on input line 12.
LaTeX Font Info:    ... okay on input line 12.
LaTeX Font Info:    Checking defaults for C20/song/m/n on input line 12.
LaTeX Font Info:    ... okay on input line 12.
LaTeX Font Info:    Checking defaults for C19/song/m/n on input line 12.
LaTeX Font Info:    ... okay on input line 12.
LaTeX Font Info:    Checking defaults for C40/song/m/n on input line 12.
LaTeX Font Info:    ... okay on input line 12.
LaTeX Font Info:    Checking defaults for C42/song/m/n on input line 12.
LaTeX Font Info:    ... okay on input line 12.
LaTeX Font Info:    Checking defaults for C43/song/m/n on input line 12.
LaTeX Font Info:    ... okay on input line 12.
LaTeX Font Info:    Checking defaults for C50/song/m/n on input line 12.
LaTeX Font Info:    ... okay on input line 12.
LaTeX Font Info:    Checking defaults for C52/song/m/n on input line 12.
LaTeX Font Info:    ... okay on input line 12.
LaTeX Font Info:    Checking defaults for C49/song/m/n on input line 12.
LaTeX Font Info:    ... okay on input line 12.
LaTeX Font Info:    Checking defaults for C60/mj/m/n on input line 12.
LaTeX Font Info:    ... okay on input line 12.
LaTeX Font Info:    Checking defaults for C61/mj/m/n on input line 12.
LaTeX Font Info:    ... okay on input line 12.
LaTeX Font Info:    Checking defaults for C63/mj/m/n on input line 12.
LaTeX Font Info:    ... okay on input line 12.
LaTeX Font Info:    Checking defaults for C64/mj/m/n on input line 12.
LaTeX Font Info:    ... okay on input line 12.
LaTeX Font Info:    Checking defaults for C65/mj/m/n on input line 12.
LaTeX Font Info:    ... okay on input line 12.
LaTeX Font Info:    Checking defaults for C70/song/m/n on input line 12.
LaTeX Font Info:    ... okay on input line 12.
LaTeX Font Info:    Checking defaults for C31/song/m/n on input line 12.
LaTeX Font Info:    ... okay on input line 12.
LaTeX Font Info:    Checking defaults for C32/song/m/n on input line 12.
LaTeX Font Info:    ... okay on input line 12.
LaTeX Font Info:    Checking defaults for C33/song/m/n on input line 12.
LaTeX Font Info:    ... okay on input line 12.
LaTeX Font Info:    Checking defaults for C34/song/m/n on input line 12.
LaTeX Font Info:    ... okay on input line 12.
LaTeX Font Info:    Checking defaults for C35/song/m/n on input line 12.
LaTeX Font Info:    ... okay on input line 12.
LaTeX Font Info:    Checking defaults for C36/song/m/n on input line 12.
LaTeX Font Info:    ... okay on input line 12.
LaTeX Font Info:    Checking defaults for C37/song/m/n on input line 12.
LaTeX Font Info:    ... okay on input line 12.
LaTeX Font Info:    Checking defaults for C80/song/m/n on input line 12.
LaTeX Font Info:    ... okay on input line 12.
LaTeX Font Info:    Checking defaults for C81/song/m/n on input line 12.
LaTeX Font Info:    ... okay on input line 12.
LaTeX Font Info:    Checking defaults for C01/song/m/n on input line 12.
LaTeX Font Info:    ... okay on input line 12.
LaTeX Font Info:    Checking defaults for C11/song/m/n on input line 12.
LaTeX Font Info:    ... okay on input line 12.
LaTeX Font Info:    Checking defaults for C21/song/m/n on input line 12.
LaTeX Font Info:    ... okay on input line 12.
LaTeX Font Info:    Checking defaults for C41/song/m/n on input line 12.
LaTeX Font Info:    ... okay on input line 12.
LaTeX Font Info:    Checking defaults for C62/song/m/n on input line 12.
LaTeX Font Info:    ... okay on input line 12.

*geometry* driver: auto-detecting
*geometry* detected driver: pdftex
*geometry* verbose mode - [ preamble ] result:
* driver: pdftex
* paper: a4paper
* layout: <same size as paper>
* layoutoffset:(h,v)=(0.0pt,0.0pt)
* modes: 
* h-part:(L,W,R)=(72.26999pt, 452.9679pt, 72.26999pt)
* v-part:(T,H,B)=(72.26999pt, 700.50687pt, 72.26999pt)
* \paperwidth=597.50787pt
* \paperheight=845.04684pt
* \textwidth=452.9679pt
* \textheight=700.50687pt
* \oddsidemargin=0.0pt
* \evensidemargin=0.0pt
* \topmargin=-37.0pt
* \headheight=12.0pt
* \headsep=25.0pt
* \topskip=11.0pt
* \footskip=30.0pt
* \marginparwidth=59.0pt
* \marginparsep=10.0pt
* \columnsep=10.0pt
* \skip\footins=10.0pt plus 4.0pt minus 2.0pt
* \hoffset=0.0pt
* \voffset=0.0pt
* \mag=1000
* \@twocolumnfalse
* \@twosidefalse
* \@mparswitchfalse
* \@reversemarginfalse
* (1in=72.27pt=25.4mm, 1cm=28.453pt)

(/usr/share/texlive/texmf-dist/tex/context/base/mkii/supp-pdf.mkii
[Loading MPS to PDF converter (version 2006.09.02).]
\scratchcounter=\count275
\scratchdimen=\dimen158
\scratchbox=\box54
\nofMPsegments=\count276
\nofMParguments=\count277
\everyMPshowfont=\toks25
\MPscratchCnt=\count278
\MPscratchDim=\dimen159
\MPnumerator=\count279
\makeMPintoPDFobject=\count280
\everyMPtoPDFconversion=\toks26
) (/usr/share/texlive/texmf-dist/tex/latex/epstopdf-pkg/epstopdf-base.sty
Package: epstopdf-base 2020-01-24 v2.11 Base part for package epstopdf
Package epstopdf-base Info: Redefining graphics rule for `.eps' on input line 4
85.

(/usr/share/texlive/texmf-dist/tex/latex/latexconfig/epstopdf-sys.cfg
File: epstopdf-sys.cfg 2010/07/13 v1.3 Configuration of (r)epstopdf for TeX Liv
e
))
(/usr/share/texmf/tex/latex/CJK/UTF8/UTF8.bdg
File: UTF8.bdg 2015/04/18 4.8.4
)
(/usr/share/texmf/tex/latex/CJK/UTF8/UTF8.enc
File: UTF8.enc 2015/04/18 4.8.4
)
(/usr/share/texmf/tex/latex/CJK/UTF8/UTF8.chr
File: UTF8.chr 2015/04/18 4.8.4
)
LaTeX Font Info:    Trying to load font information for C70+gbsn on input line 
14.

(/usr/share/texmf/tex/latex/CJK/UTF8/c70gbsn.fd
File: c70gbsn.fd 2008/10/03 4.8.1
)
(/usr/share/texmf/tex/latex/CJK/UTF8/c70gbsn.fdx
File: c70gbsn.fdx 2012/05/07 4.8.3
)
LaTeX Font Info:    Trying to load font information for U+msa on input line 14.


(/usr/share/texlive/texmf-dist/tex/latex/amsfonts/umsa.fd
File: umsa.fd 2013/01/14 v3.01 AMS symbols A
)
LaTeX Font Info:    Trying to load font information for U+msb on input line 14.


(/usr/share/texlive/texmf-dist/tex/latex/amsfonts/umsb.fd
File: umsb.fd 2013/01/14 v3.01 AMS symbols B
)
Overfull \hbox (26.42998pt too wide) in paragraph at lines 50--51
[]\C70/gbsn/m/n/10.95/4e ã \C70/gbsn/m/n/10.95/78 ^^A \C70/gbsn/m/n/10.95/91 Ì 
\C70/gbsn/m/n/10.95/72 ¶ \C70/gbsn/m/n/10.95/60 ^^A \C70/gbsn/m/n/10.95/75 1 \O
T1/cmr/m/n/10.95 Mu-JoCo \C70/gbsn/m/n/10.95/8b û \C70/gbsn/m/n/10.95/51 ú \C70
/gbsn/m/n/10.95/ff ^^Z\OT1/cmtt/m/n/10.95 Hopper-mujoco/utils/mujoco[]interface
.py\C70/gbsn/m/n/10.95/ff ^^H \C70/gbsn/m/n/10.95/8f Ô \C70/gbsn/m/n/10.95/56 Þ
 \OT1/cmtt/m/n/10.95 body[]pos,
 []


Overfull \hbox (27.965pt too wide) in paragraph at lines 50--51
\OT1/cmtt/m/n/10.95 body[]quat, body[]vel, body[]ang[]vel, joint[]pos, joint[]v
el, foot[]pos, foot[]vel \C70/gbsn/m/n/10.95/7b I \C70/gbsn/m/n/10.95/ff 	 \C70
/gbsn/m/n/10.95/30 ^^B 
 []

[1

{/var/lib/texmf/fonts/map/pdftex/updmap/pdftex.map}]
Overfull \hbox (210.68175pt too wide) in paragraph at lines 102--103
[]\C70/gbsn/m/n/10.95/57 ( \C70/gbsn/m/n/10.95/51 h \C70/gbsn/m/n/10.95/96 6 \O
T1/cmr/m/n/10.95 QP \C70/gbsn/m/n/10.95/91 Ì \C70/gbsn/m/n/10.95/ff ^^L \C70/gb
sn/m/n/10.95/6b Ï \C70/gbsn/m/n/10.95/4e * \C70/gbsn/m/n/10.95/63 ¨ \C70/gbsn/m
/n/10.95/52 › $\OML/cmm/m/it/10.95 t[]$ \C70/gbsn/m/n/10.95/90 ^^Z \C70/gbsn/m/
n/10.95/8f Ç \OT1/cmr/m/n/10.95 ``prop Ja-co-bian col-umn'' \C70/gbsn/m/n/10.95
/8f Û \C70/gbsn/m/n/10.95/51 e \C70/gbsn/m/n/10.95/52 ¨ › \C70/gbsn/m/n/10.95/5
b f \C70/gbsn/m/n/10.95/7e ¦ \C70/gbsn/m/n/10.95/67 _ \C70/gbsn/m/n/10.95/ff ^^
Z\OT1/cmtt/m/n/10.95 Hopper-mujoco/controllers/wbc[]full[]qp[]osqp.py\C70/gbsn/
m/n/10.95/ff ^^H \C70/gbsn/m/n/10.95/57 (
 []

[2] [3] [4]
Overfull \hbox (11.61873pt too wide) in paragraph at lines 259--260
[]\C70/gbsn/m/n/10.95/62 Š $\OML/cmm/b/it/10.95 p[]$ \C70/gbsn/m/n/10.95/51 ™ \
C70/gbsn/m/n/10.95/8f Û \C70/gbsn/m/n/10.95/63 § \C70/gbsn/m/n/10.95/52 6 \C70/
gbsn/m/n/10.95/56 h \C70/gbsn/m/n/10.95/ff ^^Z\OT1/cmtt/m/n/10.95 controllers/r
aibert[]controller[]mode3.py \C70/gbsn/m/n/10.95/91 Ì \C70/gbsn/m/n/10.95/62 Š 
\OT1/cmtt/m/n/10.95 s2s[]offset[]world
 []

[5]
Overfull \hbox (160.93411pt too wide) in paragraph at lines 315--316
[]\C70/gbsn/m/n/10.95/53 Ø \C70/gbsn/m/n/10.95/91 Ï \C70/gbsn/m/n/10.95/5e ^^C 
\C70/gbsn/m/n/10.95/5c @ \C70/gbsn/m/n/10.95/ff ^^H \C70/gbsn/m/n/10.95/6b Ï \C
70/gbsn/m/n/10.95/4e ^^@ \C70/gbsn/m/n/10.95/6b µ \C70/gbsn/m/n/10.95/5b ù \C70
/gbsn/m/n/10.95/5e ” \C70/gbsn/m/n/10.95/76 „ \OT1/cmr/m/n/10.95 slice\C70/gbsn
/m/n/10.95/ff 	 \C70/gbsn/m/n/10.95/57 ( \OT1/cmtt/m/n/10.95 controllers/wbc[]f
ull[]qp[]osqp.py \C70/gbsn/m/n/10.95/91 Ì \C70/gbsn/m/n/10.95/51 ™ \C70/gbsn/m/
n/10.95/6e ^^E \C70/gbsn/m/n/10.95/69 Z \C70/gbsn/m/n/10.95/4e † \C70/gbsn/m/n/
10.95/ff ^^Z\OT1/cmtt/m/n/10.95 x=[qdd,tau,fc,thrusts,slacks]\C70/gbsn/m/n/10.9
5/30 ^^B 
 []

[6] [7] (/home/abc/Hopper/paper/mode3_beginner_from_system_modeling.aux) ) 
Here is how much of TeX's memory you used:
 6056 strings out of 479727
 84275 string characters out of 5884997
 380689 words of memory out of 5000000
 23834 multiletter control sequences out of 15000+600000
 523275 words of font info for 221 fonts, out of 8000000 for 9000
 264 hyphenation exceptions out of 8191
 56i,6n,62p,394b,1048s stack positions out of 5000i,500n,10000p,200000b,80000s
 </ho
me/abc/.texlive2021/texmf-var/fonts/pk/ljfour/jknappen/ec/tcrm1095.600pk></usr/
share/texlive/texmf-dist/fonts/type1/public/amsfonts/cm/cmbx10.pfb></usr/share/
texlive/texmf-dist/fonts/type1/public/amsfonts/cm/cmex10.pfb></usr/share/texliv
e/texmf-dist/fonts/type1/public/amsfonts/cm/cmmi10.pfb></usr/share/texlive/texm
f-dist/fonts/type1/public/amsfonts/cm/cmmi8.pfb></usr/share/texlive/texmf-dist/
fonts/type1/public/amsfonts/cm/cmmib10.pfb></usr/share/texlive/texmf-dist/fonts
/type1/public/amsfonts/cmextra/cmmib8.pfb></usr/share/texlive/texmf-dist/fonts/
type1/public/amsfonts/cm/cmr10.pfb></usr/share/texlive/texmf-dist/fonts/type1/p
ublic/amsfonts/cm/cmr12.pfb></usr/share/texlive/texmf-dist/fonts/type1/public/a
msfonts/cm/cmr17.pfb></usr/share/texlive/texmf-dist/fonts/type1/public/amsfonts
/cm/cmr8.pfb></usr/share/texlive/texmf-dist/fonts/type1/public/amsfonts/cm/cmss
8.pfb></usr/share/texlive/texmf-dist/fonts/type1/public/amsfonts/cm/cmsy10.pfb>
</usr/share/texlive/texmf-dist/fonts/type1/public/amsfonts/cm/cmsy8.pfb></usr/s
hare/texlive/texmf-dist/fonts/type1/public/amsfonts/cm/cmtt10.pfb></usr/share/t
exlive/texmf-dist/fonts/type1/public/amsfonts/cm/cmtt12.pfb></usr/share/texmf/f
onts/type1/arphic/gbsnu/gbsnu30.pfb></usr/share/texmf/fonts/type1/arphic/gbsnu/
gbsnu4e.pfb></usr/share/texmf/fonts/type1/arphic/gbsnu/gbsnu4f.pfb></usr/share/
texmf/fonts/type1/arphic/gbsnu/gbsnu50.pfb></usr/share/texmf/fonts/type1/arphic
/gbsnu/gbsnu51.pfb></usr/share/texmf/fonts/type1/arphic/gbsnu/gbsnu52.pfb></usr
/share/texmf/fonts/type1/arphic/gbsnu/gbsnu53.pfb></usr/share/texmf/fonts/type1
/arphic/gbsnu/gbsnu54.pfb></usr/share/texmf/fonts/type1/arphic/gbsnu/gbsnu55.pf
b></usr/share/texmf/fonts/type1/arphic/gbsnu/gbsnu56.pfb></usr/share/texmf/font
s/type1/arphic/gbsnu/gbsnu57.pfb></usr/share/texmf/fonts/type1/arphic/gbsnu/gbs
nu58.pfb></usr/share/texmf/fonts/type1/arphic/gbsnu/gbsnu59.pfb></usr/share/tex
mf/fonts/type1/arphic/gbsnu/gbsnu5b.pfb></usr/share/texmf/fonts/type1/arphic/gb
snu/gbsnu5c.pfb></usr/share/texmf/fonts/type1/arphic/gbsnu/gbsnu5d.pfb></usr/sh
are/texmf/fonts/type1/arphic/gbsnu/gbsnu5e.pfb></usr/share/texmf/fonts/type1/ar
phic/gbsnu/gbsnu5f.pfb></usr/share/texmf/fonts/type1/arphic/gbsnu/gbsnu60.pfb><
/usr/share/texmf/fonts/type1/arphic/gbsnu/gbsnu61.pfb></usr/share/texmf/fonts/t
ype1/arphic/gbsnu/gbsnu62.pfb></usr/share/texmf/fonts/type1/arphic/gbsnu/gbsnu6
3.pfb></usr/share/texmf/fonts/type1/arphic/gbsnu/gbsnu64.pfb></usr/share/texmf/
fonts/type1/arphic/gbsnu/gbsnu65.pfb></usr/share/texmf/fonts/type1/arphic/gbsnu
/gbsnu66.pfb></usr/share/texmf/fonts/type1/arphic/gbsnu/gbsnu67.pfb></usr/share
/texmf/fonts/type1/arphic/gbsnu/gbsnu68.pfb></usr/share/texmf/fonts/type1/arphi
c/gbsnu/gbsnu69.pfb></usr/share/texmf/fonts/type1/arphic/gbsnu/gbsnu6a.pfb></us
r/share/texmf/fonts/type1/arphic/gbsnu/gbsnu6b.pfb></usr/share/texmf/fonts/type
1/arphic/gbsnu/gbsnu6c.pfb></usr/share/texmf/fonts/type1/arphic/gbsnu/gbsnu6d.p
fb></usr/share/texmf/fonts/type1/arphic/gbsnu/gbsnu6e.pfb></usr/share/texmf/fon
ts/type1/arphic/gbsnu/gbsnu70.pfb></usr/share/texmf/fonts/type1/arphic/gbsnu/gb
snu71.pfb></usr/share/texmf/fonts/type1/arphic/gbsnu/gbsnu72.pfb></usr/share/te
xmf/fonts/type1/arphic/gbsnu/gbsnu73.pfb></usr/share/texmf/fonts/type1/arphic/g
bsnu/gbsnu74.pfb></usr/share/texmf/fonts/type1/arphic/gbsnu/gbsnu75.pfb></usr/s
hare/texmf/fonts/type1/arphic/gbsnu/gbsnu76.pfb></usr/share/texmf/fonts/type1/a
rphic/gbsnu/gbsnu77.pfb></usr/share/texmf/fonts/type1/arphic/gbsnu/gbsnu78.pfb>
</usr/share/texmf/fonts/type1/arphic/gbsnu/gbsnu79.pfb></usr/share/texmf/fonts/
type1/arphic/gbsnu/gbsnu7a.pfb></usr/share/texmf/fonts/type1/arphic/gbsnu/gbsnu
7b.pfb></usr/share/texmf/fonts/type1/arphic/gbsnu/gbsnu7c.pfb></usr/share/texmf
/fonts/type1/arphic/gbsnu/gbsnu7e.pfb></usr/share/texmf/fonts/type1/arphic/gbsn
u/gbsnu7f.pfb></usr/share/texmf/fonts/type1/arphic/gbsnu/gbsnu80.pfb></usr/shar
e/texmf/fonts/type1/arphic/gbsnu/gbsnu81.pfb></usr/share/texmf/fonts/type1/arph
ic/gbsnu/gbsnu82.pfb></usr/share/texmf/fonts/type1/arphic/gbsnu/gbsnu84.pfb></u
sr/share/texmf/fonts/type1/arphic/gbsnu/gbsnu86.pfb></usr/share/texmf/fonts/typ
e1/arphic/gbsnu/gbsnu87.pfb></usr/share/texmf/fonts/type1/arphic/gbsnu/gbsnu88.
pfb></usr/share/texmf/fonts/type1/arphic/gbsnu/gbsnu89.pfb></usr/share/texmf/fo
nts/type1/arphic/gbsnu/gbsnu8b.pfb></usr/share/texmf/fonts/type1/arphic/gbsnu/g
bsnu8c.pfb></usr/share/texmf/fonts/type1/arphic/gbsnu/gbsnu8d.pfb></usr/share/t
exmf/fonts/type1/arphic/gbsnu/gbsnu8e.pfb></usr/share/texmf/fonts/type1/arphic/
gbsnu/gbsnu8f.pfb></usr/share/texmf/fonts/type1/arphic/gbsnu/gbsnu90.pfb></usr/
share/texmf/fonts/type1/arphic/gbsnu/gbsnu91.pfb></usr/share/texmf/fonts/type1/
arphic/gbsnu/gbsnu94.pfb></usr/share/texmf/fonts/type1/arphic/gbsnu/gbsnu95.pfb
></usr/share/texmf/fonts/type1/arphic/gbsnu/gbsnu96.pfb></usr/share/texmf/fonts
/type1/arphic/gbsnu/gbsnu97.pfb></usr/share/texmf/fonts/type1/arphic/gbsnu/gbsn
u98.pfb></usr/share/texmf/fonts/type1/arphic/gbsnu/gbsnu99.pfb></usr/share/texm
f/fonts/type1/arphic/gbsnu/gbsnu9a.pfb></usr/share/texmf/fonts/type1/arphic/gbs
nu/gbsnuff.pfb>
Output written on /home/abc/Hopper/paper/mode3_beginner_from_system_modeling.pd
f (7 pages, 1523540 bytes).
PDF statistics:
 536 PDF objects out of 1000 (max. 8388607)
 280 compressed objects within 3 object streams
 0 named destinations out of 1000 (max. 500000)
 285 words of extra memory for PDF output out of 10000 (max. 10000000)

